<?xml version="1.0" encoding="UTF-8"?>
<!-- Generated by org.testng.reporters.JUnitReportReporter -->
<testsuite skipped="0" hostname="abcs-MBP" name="testRunnerAllClasses.TestAmazon" tests="2" failures="0" timestamp="2020-10-10T06:02:11 EDT" time="8.916" errors="0">
  <testcase name="test2UsingEniumKey" time="5.654" classname="testRunnerAllClasses.TestAmazon"/>
  <system-out/>
  <testcase name="test1" time="3.262" classname="testRunnerAllClasses.TestAmazon"/>
  <system-out/>
</testsuite> <!-- testRunnerAllClasses.TestAmazon -->
