<?xml version="1.0" encoding="UTF-8"?>
<!-- Generated by org.testng.reporters.JUnitReportReporter -->
<testsuite hostname="abcs-MBP" failures="0" tests="2" name="testRunnerAllClasses.TestAmazon" time="9.912" errors="0" timestamp="2020-10-09T06:35:12 EDT" skipped="0">
  <testcase classname="testRunnerAllClasses.TestAmazon" name="test1" time="3.925"/>
  <system-out/>
  <testcase classname="testRunnerAllClasses.TestAmazon" name="test2UsingEniumKey" time="5.987"/>
  <system-out/>
</testsuite> <!-- testRunnerAllClasses.TestAmazon -->
